1754852692.386024 client started (46978): version 3.5a, socket /private/tmp/tmux-501/default, protocol 8
1754852692.386107 on Darwin 24.6.0 Darwin Kernel Version 24.6.0: Mon Jul 14 11:30:29 PDT 2025; root:xnu-11417.140.69~1/RELEASE_ARM64_T6000
1754852692.386122 using libevent 2.1.12-stable select
1754852692.386852 using utf8proc 2.10.0
1754852692.386863 using ncurses 6.5 20240427
1754852692.386887 flags are 0x10010000
1754852692.386893 socket is /private/tmp/tmux-501/default
1754852692.386907 trying connect
1754852692.386977 add peer 0x138008000: 6 (0x0)
1754852692.388846 sending message 111 to peer 0x138008000 (8 bytes)
1754852692.388856 sending message 111 to peer 0x138008000 (8 bytes)
1754852692.388860 sending message 101 to peer 0x138008000 (14 bytes)
1754852692.388865 sending message 109 to peer 0x138008000 (4 bytes)
1754852692.388870 sending message 102 to peer 0x138008000 (13 bytes)
1754852692.388874 sending message 108 to peer 0x138008000 (35 bytes)
1754852692.388880 sending message 112 to peer 0x138008000 (70 bytes)
1754852692.388884 sending message 112 to peer 0x138008000 (5 bytes)
1754852692.388889 sending message 112 to peer 0x138008000 (5 bytes)
1754852692.388893 sending message 112 to peer 0x138008000 (6 bytes)
1754852692.388897 sending message 112 to peer 0x138008000 (6 bytes)
1754852692.388901 sending message 112 to peer 0x138008000 (11 bytes)
1754852692.388905 sending message 112 to peer 0x138008000 (10 bytes)
1754852692.388909 sending message 112 to peer 0x138008000 (13 bytes)
1754852692.388913 sending message 112 to peer 0x138008000 (13 bytes)
1754852692.388917 sending message 112 to peer 0x138008000 (18 bytes)
1754852692.388921 sending message 112 to peer 0x138008000 (11 bytes)
1754852692.388925 sending message 112 to peer 0x138008000 (10 bytes)
1754852692.388930 sending message 112 to peer 0x138008000 (15 bytes)
1754852692.388934 sending message 112 to peer 0x138008000 (21 bytes)
1754852692.388938 sending message 112 to peer 0x138008000 (13 bytes)
1754852692.388942 sending message 112 to peer 0x138008000 (7 bytes)
1754852692.388946 sending message 112 to peer 0x138008000 (13 bytes)
1754852692.388950 sending message 112 to peer 0x138008000 (7 bytes)
1754852692.388955 sending message 112 to peer 0x138008000 (13 bytes)
1754852692.388959 sending message 112 to peer 0x138008000 (9 bytes)
1754852692.388963 sending message 112 to peer 0x138008000 (21 bytes)
1754852692.388967 sending message 112 to peer 0x138008000 (13 bytes)
1754852692.388971 sending message 112 to peer 0x138008000 (8 bytes)
1754852692.388975 sending message 112 to peer 0x138008000 (12 bytes)
1754852692.388979 sending message 112 to peer 0x138008000 (13 bytes)
1754852692.388983 sending message 112 to peer 0x138008000 (9 bytes)
1754852692.388987 sending message 112 to peer 0x138008000 (9 bytes)
1754852692.388991 sending message 112 to peer 0x138008000 (12 bytes)
1754852692.388995 sending message 112 to peer 0x138008000 (8 bytes)
1754852692.388999 sending message 112 to peer 0x138008000 (8 bytes)
1754852692.389003 sending message 112 to peer 0x138008000 (7 bytes)
1754852692.389007 sending message 112 to peer 0x138008000 (7 bytes)
1754852692.389011 sending message 112 to peer 0x138008000 (9 bytes)
1754852692.389015 sending message 112 to peer 0x138008000 (13 bytes)
1754852692.389019 sending message 112 to peer 0x138008000 (6 bytes)
1754852692.389023 sending message 112 to peer 0x138008000 (9 bytes)
1754852692.389027 sending message 112 to peer 0x138008000 (15 bytes)
1754852692.389032 sending message 112 to peer 0x138008000 (13 bytes)
1754852692.389036 sending message 112 to peer 0x138008000 (12 bytes)
1754852692.389040 sending message 112 to peer 0x138008000 (8 bytes)
1754852692.389044 sending message 112 to peer 0x138008000 (14 bytes)
1754852692.389048 sending message 112 to peer 0x138008000 (11 bytes)
1754852692.389052 sending message 112 to peer 0x138008000 (9 bytes)
1754852692.389056 sending message 112 to peer 0x138008000 (10 bytes)
1754852692.389060 sending message 112 to peer 0x138008000 (10 bytes)
1754852692.389064 sending message 112 to peer 0x138008000 (10 bytes)
1754852692.389077 sending message 112 to peer 0x138008000 (10 bytes)
1754852692.389080 sending message 112 to peer 0x138008000 (11 bytes)
1754852692.389083 sending message 112 to peer 0x138008000 (12 bytes)
1754852692.389086 sending message 112 to peer 0x138008000 (12 bytes)
1754852692.389089 sending message 112 to peer 0x138008000 (12 bytes)
1754852692.389093 sending message 112 to peer 0x138008000 (12 bytes)
1754852692.389096 sending message 112 to peer 0x138008000 (12 bytes)
1754852692.389099 sending message 112 to peer 0x138008000 (11 bytes)
1754852692.389102 sending message 112 to peer 0x138008000 (11 bytes)
1754852692.389104 sending message 112 to peer 0x138008000 (12 bytes)
1754852692.389107 sending message 112 to peer 0x138008000 (12 bytes)
1754852692.389110 sending message 112 to peer 0x138008000 (12 bytes)
1754852692.389113 sending message 112 to peer 0x138008000 (12 bytes)
1754852692.389116 sending message 112 to peer 0x138008000 (12 bytes)
1754852692.389119 sending message 112 to peer 0x138008000 (10 bytes)
1754852692.389122 sending message 112 to peer 0x138008000 (12 bytes)
1754852692.389125 sending message 112 to peer 0x138008000 (13 bytes)
1754852692.389128 sending message 112 to peer 0x138008000 (13 bytes)
1754852692.389131 sending message 112 to peer 0x138008000 (13 bytes)
1754852692.389134 sending message 112 to peer 0x138008000 (13 bytes)
1754852692.389137 sending message 112 to peer 0x138008000 (13 bytes)
1754852692.389140 sending message 112 to peer 0x138008000 (8 bytes)
1754852692.389143 sending message 112 to peer 0x138008000 (11 bytes)
1754852692.389146 sending message 112 to peer 0x138008000 (11 bytes)
1754852692.389149 sending message 112 to peer 0x138008000 (11 bytes)
1754852692.389152 sending message 112 to peer 0x138008000 (12 bytes)
1754852692.389155 sending message 112 to peer 0x138008000 (12 bytes)
1754852692.389158 sending message 112 to peer 0x138008000 (12 bytes)
1754852692.389161 sending message 112 to peer 0x138008000 (12 bytes)
1754852692.389164 sending message 112 to peer 0x138008000 (13 bytes)
1754852692.389167 sending message 112 to peer 0x138008000 (13 bytes)
1754852692.389170 sending message 112 to peer 0x138008000 (13 bytes)
1754852692.389173 sending message 112 to peer 0x138008000 (8 bytes)
1754852692.389176 sending message 112 to peer 0x138008000 (13 bytes)
1754852692.389179 sending message 112 to peer 0x138008000 (13 bytes)
1754852692.389182 sending message 112 to peer 0x138008000 (13 bytes)
1754852692.389185 sending message 112 to peer 0x138008000 (13 bytes)
1754852692.389188 sending message 112 to peer 0x138008000 (13 bytes)
1754852692.389191 sending message 112 to peer 0x138008000 (12 bytes)
1754852692.389194 sending message 112 to peer 0x138008000 (12 bytes)
1754852692.389197 sending message 112 to peer 0x138008000 (12 bytes)
1754852692.389200 sending message 112 to peer 0x138008000 (12 bytes)
1754852692.389203 sending message 112 to peer 0x138008000 (13 bytes)
1754852692.389206 sending message 112 to peer 0x138008000 (8 bytes)
1754852692.389209 sending message 112 to peer 0x138008000 (13 bytes)
1754852692.389212 sending message 112 to peer 0x138008000 (13 bytes)
1754852692.389215 sending message 112 to peer 0x138008000 (13 bytes)
1754852692.389218 sending message 112 to peer 0x138008000 (13 bytes)
1754852692.389221 sending message 112 to peer 0x138008000 (13 bytes)
1754852692.389224 sending message 112 to peer 0x138008000 (13 bytes)
1754852692.389227 sending message 112 to peer 0x138008000 (13 bytes)
1754852692.389230 sending message 112 to peer 0x138008000 (12 bytes)
1754852692.389233 sending message 112 to peer 0x138008000 (12 bytes)
1754852692.389236 sending message 112 to peer 0x138008000 (12 bytes)
1754852692.389239 sending message 112 to peer 0x138008000 (8 bytes)
1754852692.389242 sending message 112 to peer 0x138008000 (12 bytes)
1754852692.389245 sending message 112 to peer 0x138008000 (13 bytes)
1754852692.389248 sending message 112 to peer 0x138008000 (13 bytes)
1754852692.389250 sending message 112 to peer 0x138008000 (13 bytes)
1754852692.389259 sending message 112 to peer 0x138008000 (13 bytes)
1754852692.389262 sending message 112 to peer 0x138008000 (13 bytes)
1754852692.389265 sending message 112 to peer 0x138008000 (13 bytes)
1754852692.389268 sending message 112 to peer 0x138008000 (13 bytes)
1754852692.389271 sending message 112 to peer 0x138008000 (13 bytes)
1754852692.389274 sending message 112 to peer 0x138008000 (12 bytes)
1754852692.389277 sending message 112 to peer 0x138008000 (10 bytes)
1754852692.389280 sending message 112 to peer 0x138008000 (12 bytes)
1754852692.389283 sending message 112 to peer 0x138008000 (12 bytes)
1754852692.389286 sending message 112 to peer 0x138008000 (12 bytes)
1754852692.389289 sending message 112 to peer 0x138008000 (13 bytes)
1754852692.389292 sending message 112 to peer 0x138008000 (13 bytes)
1754852692.389295 sending message 112 to peer 0x138008000 (13 bytes)
1754852692.389298 sending message 112 to peer 0x138008000 (13 bytes)
1754852692.389301 sending message 112 to peer 0x138008000 (13 bytes)
1754852692.389307 sending message 112 to peer 0x138008000 (13 bytes)
1754852692.389310 sending message 112 to peer 0x138008000 (13 bytes)
1754852692.389313 sending message 112 to peer 0x138008000 (10 bytes)
1754852692.389316 sending message 112 to peer 0x138008000 (13 bytes)
1754852692.389319 sending message 112 to peer 0x138008000 (12 bytes)
1754852692.389322 sending message 112 to peer 0x138008000 (12 bytes)
1754852692.389325 sending message 112 to peer 0x138008000 (12 bytes)
1754852692.389328 sending message 112 to peer 0x138008000 (10 bytes)
1754852692.389331 sending message 112 to peer 0x138008000 (10 bytes)
1754852692.389334 sending message 112 to peer 0x138008000 (10 bytes)
1754852692.389337 sending message 112 to peer 0x138008000 (12 bytes)
1754852692.389340 sending message 112 to peer 0x138008000 (13 bytes)
1754852692.389343 sending message 112 to peer 0x138008000 (13 bytes)
1754852692.389346 sending message 112 to peer 0x138008000 (13 bytes)
1754852692.389349 sending message 112 to peer 0x138008000 (13 bytes)
1754852692.389352 sending message 112 to peer 0x138008000 (13 bytes)
1754852692.389355 sending message 112 to peer 0x138008000 (11 bytes)
1754852692.389358 sending message 112 to peer 0x138008000 (11 bytes)
1754852692.389361 sending message 112 to peer 0x138008000 (12 bytes)
1754852692.389364 sending message 112 to peer 0x138008000 (12 bytes)
1754852692.389367 sending message 112 to peer 0x138008000 (12 bytes)
1754852692.389370 sending message 112 to peer 0x138008000 (12 bytes)
1754852692.389373 sending message 112 to peer 0x138008000 (12 bytes)
1754852692.389376 sending message 112 to peer 0x138008000 (11 bytes)
1754852692.389379 sending message 112 to peer 0x138008000 (12 bytes)
1754852692.389382 sending message 112 to peer 0x138008000 (12 bytes)
1754852692.389385 sending message 112 to peer 0x138008000 (13 bytes)
1754852692.389388 sending message 112 to peer 0x138008000 (13 bytes)
1754852692.389391 sending message 112 to peer 0x138008000 (13 bytes)
1754852692.389394 sending message 112 to peer 0x138008000 (13 bytes)
1754852692.389397 sending message 112 to peer 0x138008000 (13 bytes)
1754852692.389401 sending message 112 to peer 0x138008000 (10 bytes)
1754852692.389404 sending message 112 to peer 0x138008000 (9 bytes)
1754852692.389407 sending message 112 to peer 0x138008000 (12 bytes)
1754852692.389410 sending message 112 to peer 0x138008000 (13 bytes)
1754852692.389413 sending message 112 to peer 0x138008000 (13 bytes)
1754852692.389416 sending message 112 to peer 0x138008000 (13 bytes)
1754852692.389419 sending message 112 to peer 0x138008000 (13 bytes)
1754852692.389422 sending message 112 to peer 0x138008000 (13 bytes)
1754852692.389425 sending message 112 to peer 0x138008000 (9 bytes)
1754852692.389428 sending message 112 to peer 0x138008000 (12 bytes)
1754852692.389431 sending message 112 to peer 0x138008000 (13 bytes)
1754852692.389434 sending message 112 to peer 0x138008000 (13 bytes)
1754852692.389437 sending message 112 to peer 0x138008000 (13 bytes)
1754852692.389440 sending message 112 to peer 0x138008000 (13 bytes)
1754852692.389447 sending message 112 to peer 0x138008000 (13 bytes)
1754852692.389450 sending message 112 to peer 0x138008000 (11 bytes)
1754852692.389453 sending message 112 to peer 0x138008000 (12 bytes)
1754852692.389456 sending message 112 to peer 0x138008000 (13 bytes)
1754852692.389459 sending message 112 to peer 0x138008000 (13 bytes)
1754852692.389462 sending message 112 to peer 0x138008000 (13 bytes)
1754852692.389465 sending message 112 to peer 0x138008000 (13 bytes)
1754852692.389468 sending message 112 to peer 0x138008000 (13 bytes)
1754852692.389471 sending message 112 to peer 0x138008000 (11 bytes)
1754852692.389474 sending message 112 to peer 0x138008000 (12 bytes)
1754852692.389477 sending message 112 to peer 0x138008000 (12 bytes)
1754852692.389480 sending message 112 to peer 0x138008000 (12 bytes)
1754852692.389484 sending message 112 to peer 0x138008000 (12 bytes)
1754852692.389486 sending message 112 to peer 0x138008000 (12 bytes)
1754852692.389489 sending message 112 to peer 0x138008000 (21 bytes)
1754852692.389492 sending message 112 to peer 0x138008000 (12 bytes)
1754852692.389495 sending message 112 to peer 0x138008000 (9 bytes)
1754852692.389498 sending message 112 to peer 0x138008000 (6 bytes)
1754852692.389501 sending message 112 to peer 0x138008000 (13 bytes)
1754852692.389504 sending message 112 to peer 0x138008000 (8 bytes)
1754852692.389507 sending message 112 to peer 0x138008000 (15 bytes)
1754852692.389510 sending message 112 to peer 0x138008000 (13 bytes)
1754852692.389513 sending message 112 to peer 0x138008000 (9 bytes)
1754852692.389516 sending message 112 to peer 0x138008000 (70 bytes)
1754852692.389519 sending message 112 to peer 0x138008000 (69 bytes)
1754852692.389522 sending message 112 to peer 0x138008000 (10 bytes)
1754852692.389525 sending message 112 to peer 0x138008000 (10 bytes)
1754852692.389528 sending message 112 to peer 0x138008000 (8 bytes)
1754852692.389531 sending message 112 to peer 0x138008000 (15 bytes)
1754852692.389534 sending message 112 to peer 0x138008000 (13 bytes)
1754852692.389537 sending message 112 to peer 0x138008000 (10 bytes)
1754852692.389540 sending message 112 to peer 0x138008000 (10 bytes)
1754852692.389543 sending message 112 to peer 0x138008000 (17 bytes)
1754852692.389546 sending message 112 to peer 0x138008000 (10 bytes)
1754852692.389549 sending message 112 to peer 0x138008000 (13 bytes)
1754852692.389552 sending message 112 to peer 0x138008000 (9 bytes)
1754852692.389555 sending message 112 to peer 0x138008000 (5 bytes)
1754852692.389558 sending message 112 to peer 0x138008000 (15 bytes)
1754852692.389562 sending message 104 to peer 0x138008000 (0 bytes)
1754852692.389566 sending message 110 to peer 0x138008000 (0 bytes)
1754852692.389569 sending message 107 to peer 0x138008000 (4 bytes)
1754852692.389572 sending message 105 to peer 0x138008000 (54 bytes)
1754852692.389575 sending message 105 to peer 0x138008000 (46 bytes)
1754852692.389578 sending message 105 to peer 0x138008000 (47 bytes)
1754852692.389581 sending message 105 to peer 0x138008000 (26 bytes)
1754852692.389584 sending message 105 to peer 0x138008000 (24 bytes)
1754852692.389587 sending message 105 to peer 0x138008000 (115 bytes)
1754852692.389590 sending message 105 to peer 0x138008000 (13 bytes)
1754852692.389593 sending message 105 to peer 0x138008000 (15 bytes)
1754852692.389596 sending message 105 to peer 0x138008000 (31 bytes)
1754852692.389599 sending message 105 to peer 0x138008000 (24 bytes)
1754852692.389602 sending message 105 to peer 0x138008000 (18 bytes)
1754852692.389605 sending message 105 to peer 0x138008000 (36 bytes)
1754852692.389608 sending message 105 to peer 0x138008000 (19 bytes)
1754852692.389611 sending message 105 to peer 0x138008000 (16 bytes)
1754852692.389614 sending message 105 to peer 0x138008000 (19 bytes)
1754852692.389617 sending message 105 to peer 0x138008000 (497 bytes)
1754852692.389620 sending message 105 to peer 0x138008000 (17 bytes)
1754852692.389624 sending message 105 to peer 0x138008000 (42 bytes)
1754852692.389633 sending message 105 to peer 0x138008000 (57 bytes)
1754852692.389636 sending message 105 to peer 0x138008000 (43 bytes)
1754852692.389639 sending message 105 to peer 0x138008000 (19 bytes)
1754852692.389642 sending message 105 to peer 0x138008000 (45 bytes)
1754852692.389645 sending message 105 to peer 0x138008000 (34 bytes)
1754852692.389648 sending message 105 to peer 0x138008000 (38 bytes)
1754852692.389651 sending message 105 to peer 0x138008000 (105 bytes)
1754852692.389654 sending message 105 to peer 0x138008000 (56 bytes)
1754852692.389657 sending message 105 to peer 0x138008000 (57 bytes)
1754852692.389660 sending message 105 to peer 0x138008000 (33 bytes)
1754852692.389663 sending message 105 to peer 0x138008000 (43 bytes)
1754852692.389666 sending message 105 to peer 0x138008000 (8 bytes)
1754852692.389674 sending message 105 to peer 0x138008000 (38 bytes)
1754852692.389677 sending message 105 to peer 0x138008000 (63 bytes)
1754852692.389680 sending message 105 to peer 0x138008000 (10 bytes)
1754852692.389683 sending message 105 to peer 0x138008000 (20 bytes)
1754852692.389686 sending message 105 to peer 0x138008000 (75 bytes)
1754852692.389689 sending message 105 to peer 0x138008000 (31 bytes)
1754852692.389692 sending message 105 to peer 0x138008000 (47 bytes)
1754852692.389695 sending message 105 to peer 0x138008000 (31 bytes)
1754852692.389698 sending message 105 to peer 0x138008000 (20 bytes)
1754852692.389700 sending message 105 to peer 0x138008000 (18 bytes)
1754852692.389703 sending message 105 to peer 0x138008000 (64 bytes)
1754852692.389706 sending message 105 to peer 0x138008000 (39 bytes)
1754852692.389709 sending message 105 to peer 0x138008000 (66 bytes)
1754852692.389712 sending message 105 to peer 0x138008000 (20 bytes)
1754852692.389715 sending message 105 to peer 0x138008000 (12 bytes)
1754852692.389718 sending message 105 to peer 0x138008000 (19 bytes)
1754852692.389721 sending message 105 to peer 0x138008000 (19 bytes)
1754852692.389724 sending message 105 to peer 0x138008000 (28 bytes)
1754852692.389727 sending message 105 to peer 0x138008000 (63 bytes)
1754852692.389730 sending message 105 to peer 0x138008000 (15 bytes)
1754852692.389733 sending message 105 to peer 0x138008000 (22 bytes)
1754852692.389736 sending message 105 to peer 0x138008000 (98 bytes)
1754852692.389739 sending message 105 to peer 0x138008000 (29 bytes)
1754852692.389742 sending message 105 to peer 0x138008000 (14 bytes)
1754852692.389744 sending message 105 to peer 0x138008000 (19 bytes)
1754852692.389747 sending message 106 to peer 0x138008000 (0 bytes)
1754852692.389825 sending message 200 to peer 0x138008000 (4 bytes)
1754852692.389831 client loop enter
1754852692.390283 peer 0x138008000 message 303
1754852692.390307 open write file 2 -
1754852692.390343 sending message 305 to peer 0x138008000 (8 bytes)
1754852692.390359 write check file 2
1754852692.390513 peer 0x138008000 message 304
1754852692.390528 write 58 to file 2
1754852692.390545 peer 0x138008000 message 203
1754852692.390554 file 2 58 bytes left
1754852692.390576 write check file 2
1754852692.390580 client loop exit
